<?xml version="1.0" encoding="UTF-8" standalone="yes"?><!DOCTYPE report PUBLIC "-//JACOCO//DTD Report 1.1//EN" "report.dtd"><report name="rest"><sessioninfo id="fv-az408-690-d6ea6100" start="1687378974755" dump="1687378975735"/><group name="core"><package name="uk/pallas/systems/categr"><class name="uk/pallas/systems/categr/CategoryConstants" sourcefilename="CategoryConstants.java"/><sourcefile name="CategoryConstants.java"/></package><package name="uk/pallas/systems/categr/services"><class name="uk/pallas/systems/categr/services/CategoriesDAOService" sourcefilename="CategoriesDAOService.java"/><sourcefile name="CategoriesDAOService.java"/></package><package name="uk/pallas/systems/categr/entities/v1"><class name="uk/pallas/systems/categr/entities/v1/Category" sourcefilename="Category.java"/><sourcefile name="Category.java"/></package></group></report>