<?xml version="1.0" encoding="UTF-8" standalone="yes"?><!DOCTYPE report PUBLIC "-//JACOCO//DTD Report 1.1//EN" "report.dtd"><report name="hibernate"><sessioninfo id="fv-az408-690-f940a395" start="1687378953868" dump="1687378954899"/><group name="core"><package name="uk/pallas/systems/categr"><class name="uk/pallas/systems/categr/CategoryConstants" sourcefilename="CategoryConstants.java"/><sourcefile name="CategoryConstants.java"/></package><package name="uk/pallas/systems/categr/services"><class name="uk/pallas/systems/categr/services/CategoriesDAOService" sourcefilename="CategoriesDAOService.java"/><sourcefile name="CategoriesDAOService.java"/></package><package name="uk/pallas/systems/categr/entities/v1"><class name="uk/pallas/systems/categr/entities/v1/Category" sourcefilename="Category.java"/><sourcefile name="Category.java"/></package></group></report>